<html>
<body>
<pre>
<h1>µVision Build Log</h1>
<h2>Project:</h2>
H:\Repertory\EmbeddedDevelopment\SmartHelmet\Project\MDK_ARM\Project.uvproj
Project File Date:  04/01/2016

<h2>Output:</h2>
Build target 'HT32'
compiling sccb.c...
linking...
Program Size: Code=6212 RO-data=112 RW-data=168 ZI-data=640  
FromELF: creating hex file...
".\HT32\Obj\HT32.axf" - 0 Error(s), 0 Warning(s).
</pre>
</body>
</html>
2.axf" - 1 Error(s), 0 Warning(s).
Target not created
t at end of non-void function "SCCB_Start"
  }
..\..\Driver\SCCB\sccb.c(67): error:  #169: expected a declaration
  =======
..\..\Driver\SCCB\sccb.c(69): error:  #169: expected a declaration
  }
..\..\Driver\SCCB\sccb.c(268): warning:  #12-D: parsing restarts here after previous syntax error
                SCCB_Stop(); 
..\..\Driver\SCCB\sccb.c(269): error:  #169: expected a declaration
                return DISABLE;
..\..\Driver\SCCB\sccb.c(270): error:  #169: expected a declaration
        }
..\..\Driver\SCCB\sccb.c(285): warning:  #12-D: parsing restarts here after previous syntax error
      SCCB_Stop();
..\..\Driver\SCCB\sccb.c(286): error:  #169: expected a declaration
      return ENABLE;
..\..\Driver\SCCB\sccb.c(287): error:  #169: expected a declaration
  }
..\..\Driver\SCCB\sccb.c(289): warning: At end of source:  #12-D: parsing restarts here after previous syntax error
..\..\Driver\SCCB\sccb.c(45): warning:  #177-D: function "SCCB_Start" was declared but never referenced
  static int SCCB_Start(void)
..\..\Driver\SCCB\sccb.c: 5 warnings, 8 errors
".\HT32\Obj\HT32.axf" - 8 Error(s), 5 Warning(s).
Target not created
): warning:  #47-D: incompatible redefinition of macro "REG16" (declared at line 96 of "..\..\utilities\common/ebi_lcd.h")
  #define REG16     0x16
..\..\Driver\OV7725\ov7725.c(92): warning:  #47-D: incompatible redefinition of macro "REG28" (declared at line 108 of "..\..\utilities\common/ebi_lcd.h")
  #define REG28     0x28
..\..\Driver\OV7725\ov7725.c: 2 warnings, 0 errors
compiling sccb.c...
..\..\Driver\SCCB\sccb.c(65): error:  #29: expected an expression
  <<<<<<< HEAD
..\..\Driver\SCCB\sccb.c(66): error:  #65: expected a ";"
  }
..\..\Driver\SCCB\sccb.c(66): warning:  #940-D: missing return statement at end of non-void function "SCCB_Start"
  }
..\..\Driver\SCCB\sccb.c(67): error:  #169: expected a declaration
  =======
..\..\Driver\SCCB\sccb.c(69): error:  #169: expected a declaration
  }
..\..\Driver\SCCB\sccb.c(268): warning:  #12-D: parsing restarts here after previous syntax error
                SCCB_Stop(); 
..\..\Driver\SCCB\sccb.c(269): error:  #169: expected a declaration
                return DISABLE;
..\..\Driver\SCCB\sccb.c(270): error:  #169: expected a declaration
        }
..\..\Driver\SCCB\sccb.c(285): warning:  #12-D: parsing restarts here after previous syntax error
      SCCB_Stop();
..\..\Driver\SCCB\sccb.c(286): error:  #169: expected a declaration
      return ENABLE;
..\..\Driver\SCCB\sccb.c(287): error:  #169: expected a declaration
  }
..\..\Driver\SCCB\sccb.c(289): warning: At end of source:  #12-D: parsing restarts here after previous syntax error
..\..\Driver\SCCB\sccb.c(45): warning:  #177-D: function "SCCB_Start" was declared but never referenced
  static int SCCB_Start(void)
..\..\Driver\SCCB\sccb.c: 5 warnings, 8 errors
compiling MPU6050.c...
compiling pwcru.c...
compiling diskio.c...
compiling ff.c...
compiling system_ht32f165x.c...
compiling ht32_usbd_core.c...
compiling ht32_cm3_misc.c...
compiling ht32f1655_56_adc.c...
compiling ht32f1655_56_bftm.c...
compiling ht32f1655_56_ckcu.c...
compiling ht32f1655_56_cmp_op.c...
compiling ht32f1655_56_crc.c...
compiling ht32f1655_56_ebi.c...
compiling ht32f1655_56_exti.c...
compiling ht32f1655_56_flash.c...
compiling ht32f1655_56_gpio.c...
compiling ht32f1655_56_gptm.c...
compiling ht32f1655_56_i2c.c...
compiling ht32f1655_56_i2s.c...
compiling ht32f1655_56_mctm.c...
compiling ht32f1655_56_pdma.c...
compiling ht32f1655_56_pwrcu.c...
compiling ht32f1655_56_rstcu.c...
compiling ht32f1655_56_rtc.c...
compiling ht32f1655_56_sci.c...
compiling ht32f1655_56_spi.c...
compiling ht32f1655_56_usart.c...
compiling ht32f1655_56_usbd.c...
compiling ht32f1655_56_wdt.c...
compiling ht32_retarget.c...
compiling ht32_serial.c...
compiling ht32_board.c...
compiling ebi_lcd.c...
compiling spi_flash.c...
compiling i2c_eeprom.c...
".\HT32\Obj\HT32.axf" - 13 Error(s), 12 Warning(s).
Target not created
